Info: *******************************************************************
Info: Running Quartus Prime Shell
    Info: Version 17.0.0 Build 595 04/25/2017 SJ Lite Edition
    Info: Copyright (C) 2017  Intel Corporation. All rights reserved.
    Info: Your use of Intel Corporation's design tools, logic functions 
    Info: and other software and tools, and its AMPP partner logic 
    Info: functions, and any output files from any of the foregoing 
    Info: (including device programming or simulation files), and any 
    Info: associated documentation or information are expressly subject 
    Info: to the terms and conditions of the Intel Program License 
    Info: Subscription Agreement, the Intel Quartus Prime License Agreement,
    Info: the Intel MegaCore Function License Agreement, or other 
    Info: applicable license agreement, including, without limitation, 
    Info: that your use is for the sole purpose of programming logic 
    Info: devices manufactured by Intel and sold by Intel or its 
    Info: authorized distributors.  Please refer to the applicable 
    Info: agreement for further details.
    Info: Processing started: Tue Mar  5 08:14:16 2024
Info: Command: quartus_sh -t ..//DeMiSTify/Scripts/mkproject.tcl -project ColecoAdam -board neptuno -rootpath ../
Info: Quartus(args): -project ColecoAdam -board neptuno -rootpath ../
Warning (125092): Tcl Script File top.qip not found
    Info (125063): set_global_assignment -name QIP_FILE top.qip
Info (125061): Changed top-level design entity name to "neptuno_top"
Warning (125096): Overriding device family setting Cyclone V -- part EP4CE55F23C8 belongs to device family Cyclone IV E
    Info (125063): set_global_assignment -name DEVICE EP4CE55F23C8
Board-specific project override not found, or contains errors.
Info (23030): Evaluation of Tcl script ..//DeMiSTify/Scripts/mkproject.tcl was successful
Info: Quartus Prime Shell was successful. 0 errors, 2 warnings
    Info: Peak virtual memory: 919 megabytes
    Info: Processing ended: Tue Mar  5 08:14:17 2024
    Info: Elapsed time: 00:00:01
    Info: Total CPU time (on all processors): 00:00:00
