Info: *******************************************************************
Info: Running Quartus Prime Shell
    Info: Version 17.0.0 Build 595 04/25/2017 SJ Lite Edition
    Info: Copyright (C) 2017  Intel Corporation. All rights reserved.
    Info: Your use of Intel Corporation's design tools, logic functions 
    Info: and other software and tools, and its AMPP partner logic 
    Info: functions, and any output files from any of the foregoing 
    Info: (including device programming or simulation files), and any 
    Info: associated documentation or information are expressly subject 
    Info: to the terms and conditions of the Intel Program License 
    Info: Subscription Agreement, the Intel Quartus Prime License Agreement,
    Info: the Intel MegaCore Function License Agreement, or other 
    Info: applicable license agreement, including, without limitation, 
    Info: that your use is for the sole purpose of programming logic 
    Info: devices manufactured by Intel and sold by Intel or its 
    Info: authorized distributors.  Please refer to the applicable 
    Info: agreement for further details.
    Info: Processing started: Thu Feb  1 19:58:32 2024
Info: Command: quartus_sh -t ..//DeMiSTify/Scripts/compile.tcl -project ColecoAdam -board poseidon-ep4cgx150
Info: Quartus(args): -project ColecoAdam -board poseidon-ep4cgx150
Project: ColecoAdam_poseidon-ep4cgx150
Target: poseidon-ep4cgx150
Warning (125092): Tcl Script File top.qip not found
    Info (125063): set_global_assignment -name QIP_FILE top.qip
Info: *******************************************************************
Info: Running Quartus Prime Shell
    Info: Version 17.0.0 Build 595 04/25/2017 SJ Lite Edition
    Info: Processing started: Thu Feb  1 19:58:32 2024
Info: Command: quartus_sh -t ../build_id.tcl compile ColecoAdam_poseidon-ep4cgx150 ColecoAdam_poseidon-ep4cgx150
Info: Quartus(args): compile ColecoAdam_poseidon-ep4cgx150 ColecoAdam_poseidon-ep4cgx150
Info: Generated build identification Verilog module: /mnt/Teradisk/SOMHIC/ColecoAdam_DeMiSTify/poseidon-ep4cgx150/build_id.v
Info: Date:             240201
Info: Time:             195832
Info (23030): Evaluation of Tcl script ../build_id.tcl was successful
Info: Quartus Prime Shell was successful. 0 errors, 0 warnings
    Info: Peak virtual memory: 743 megabytes
    Info: Processing ended: Thu Feb  1 19:58:32 2024
    Info: Elapsed time: 00:00:00
    Info: Total CPU time (on all processors): 00:00:00
Info: *******************************************************************
Info: Running Quartus Prime Analysis & Synthesis
    Info: Version 17.0.0 Build 595 04/25/2017 SJ Lite Edition
    Info: Processing started: Thu Feb  1 19:58:34 2024
Info: Command: quartus_map --read_settings_files=on --write_settings_files=off ColecoAdam_poseidon-ep4cgx150 -c ColecoAdam_poseidon-ep4cgx150
Warning (125092): Tcl Script File top.qip not found
    Info (125063): set_global_assignment -name QIP_FILE top.qip
Info (20030): Parallel compilation is enabled and will use 12 of the 12 processors detected
Warning (12019): Can't analyze file -- file ../DeMiSTify/Board/poseidon-ep4cgx150/audio_i2s.vhd is missing
Warning (12019): Can't analyze file -- file ../DeMiSTify/Board/poseidon-ep4cgx150/joydecoder.v is missing
Info (12021): Found 2 design units, including 1 entities, in source file /mnt/Teradisk/SOMHIC/ColecoAdam_DeMiSTify/rtl/T80/T80s.vhd
    Info (12022): Found design unit 1: T80s-rtl File: /mnt/Teradisk/SOMHIC/ColecoAdam_DeMiSTify/rtl/T80/T80s.vhd Line: 102
    Info (12023): Found entity 1: T80s File: /mnt/Teradisk/SOMHIC/ColecoAdam_DeMiSTify/rtl/T80/T80s.vhd Line: 73
Info (12021): Found 2 design units, including 1 entities, in source file /mnt/Teradisk/SOMHIC/ColecoAdam_DeMiSTify/rtl/T80/T80pa.vhd
    Info (12022): Found design unit 1: T80pa-rtl File: /mnt/Teradisk/SOMHIC/ColecoAdam_DeMiSTify/rtl/T80/T80pa.vhd Line: 91
    Info (12023): Found entity 1: T80pa File: /mnt/Teradisk/SOMHIC/ColecoAdam_DeMiSTify/rtl/T80/T80pa.vhd Line: 60
Info (12021): Found 2 design units, including 1 entities, in source file /mnt/Teradisk/SOMHIC/ColecoAdam_DeMiSTify/rtl/T80/T80_Reg.vhd
    Info (12022): Found design unit 1: T80_Reg-rtl File: /mnt/Teradisk/SOMHIC/ColecoAdam_DeMiSTify/rtl/T80/T80_Reg.vhd Line: 98
    Info (12023): Found entity 1: T80_Reg File: /mnt/Teradisk/SOMHIC/ColecoAdam_DeMiSTify/rtl/T80/T80_Reg.vhd Line: 75
Info (12021): Found 2 design units, including 1 entities, in source file /mnt/Teradisk/SOMHIC/ColecoAdam_DeMiSTify/rtl/T80/T80_MCode.vhd
    Info (12022): Found design unit 1: T80_MCode-rtl File: /mnt/Teradisk/SOMHIC/ColecoAdam_DeMiSTify/rtl/T80/T80_MCode.vhd Line: 150
    Info (12023): Found entity 1: T80_MCode File: /mnt/Teradisk/SOMHIC/ColecoAdam_DeMiSTify/rtl/T80/T80_MCode.vhd Line: 78
Info (12021): Found 2 design units, including 1 entities, in source file /mnt/Teradisk/SOMHIC/ColecoAdam_DeMiSTify/rtl/T80/T80_ALU.vhd
    Info (12022): Found design unit 1: T80_ALU-rtl File: /mnt/Teradisk/SOMHIC/ColecoAdam_DeMiSTify/rtl/T80/T80_ALU.vhd Line: 102
    Info (12023): Found entity 1: T80_ALU File: /mnt/Teradisk/SOMHIC/ColecoAdam_DeMiSTify/rtl/T80/T80_ALU.vhd Line: 74
Info (12021): Found 2 design units, including 1 entities, in source file /mnt/Teradisk/SOMHIC/ColecoAdam_DeMiSTify/rtl/T80/T80.vhd
    Info (12022): Found design unit 1: T80-rtl File: /mnt/Teradisk/SOMHIC/ColecoAdam_DeMiSTify/rtl/T80/T80.vhd Line: 128
    Info (12023): Found entity 1: T80 File: /mnt/Teradisk/SOMHIC/ColecoAdam_DeMiSTify/rtl/T80/T80.vhd Line: 83
Warning (12019): Can't analyze file -- file ../rtl/tv80/tv80s.v is missing
Warning (12019): Can't analyze file -- file ../rtl/tv80/tv80n.v is missing
Info (12021): Found 1 design units, including 1 entities, in source file /mnt/Teradisk/SOMHIC/ColecoAdam_DeMiSTify/rtl/tv80/tv80_reg.v
    Info (12023): Found entity 1: tv80_reg File: /mnt/Teradisk/SOMHIC/ColecoAdam_DeMiSTify/rtl/tv80/tv80_reg.v Line: 27
Info (12021): Found 1 design units, including 1 entities, in source file /mnt/Teradisk/SOMHIC/ColecoAdam_DeMiSTify/rtl/tv80/tv80_mcode.v
    Info (12023): Found entity 1: tv80_mcode File: /mnt/Teradisk/SOMHIC/ColecoAdam_DeMiSTify/rtl/tv80/tv80_mcode.v Line: 27
Info (12021): Found 1 design units, including 1 entities, in source file /mnt/Teradisk/SOMHIC/ColecoAdam_DeMiSTify/rtl/tv80/tv80_core.v
    Info (12023): Found entity 1: tv80_core File: /mnt/Teradisk/SOMHIC/ColecoAdam_DeMiSTify/rtl/tv80/tv80_core.v Line: 29
Info (12021): Found 1 design units, including 1 entities, in source file /mnt/Teradisk/SOMHIC/ColecoAdam_DeMiSTify/rtl/tv80/tv80_alu.v
    Info (12023): Found entity 1: tv80_alu File: /mnt/Teradisk/SOMHIC/ColecoAdam_DeMiSTify/rtl/tv80/tv80_alu.v Line: 27
Info (12021): Found 1 design units, including 1 entities, in source file /mnt/Teradisk/SOMHIC/ColecoAdam_DeMiSTify/rtl/tv80/tv80e.v
    Info (12023): Found entity 1: tv80e File: /mnt/Teradisk/SOMHIC/ColecoAdam_DeMiSTify/rtl/tv80/tv80e.v Line: 26
Info (12021): Found 1 design units, including 1 entities, in source file /mnt/Teradisk/SOMHIC/ColecoAdam_DeMiSTify/rtl/sdram.sv
    Info (12023): Found entity 1: sdram File: /mnt/Teradisk/SOMHIC/ColecoAdam_DeMiSTify/rtl/sdram.sv Line: 30
Info (12021): Found 6 design units, including 3 entities, in source file /mnt/Teradisk/SOMHIC/ColecoAdam_DeMiSTify/rtl/bram.vhd
    Info (12022): Found design unit 1: spram-SYN File: /mnt/Teradisk/SOMHIC/ColecoAdam_DeMiSTify/rtl/bram.vhd Line: 31
    Info (12022): Found design unit 2: dpram-SYN File: /mnt/Teradisk/SOMHIC/ColecoAdam_DeMiSTify/rtl/bram.vhd Line: 101
    Info (12022): Found design unit 3: dpram_dif-SYN File: /mnt/Teradisk/SOMHIC/ColecoAdam_DeMiSTify/rtl/bram.vhd Line: 145
    Info (12023): Found entity 1: spram File: /mnt/Teradisk/SOMHIC/ColecoAdam_DeMiSTify/rtl/bram.vhd Line: 11
    Info (12023): Found entity 2: dpram File: /mnt/Teradisk/SOMHIC/ColecoAdam_DeMiSTify/rtl/bram.vhd Line: 74
    Info (12023): Found entity 3: dpram_dif File: /mnt/Teradisk/SOMHIC/ColecoAdam_DeMiSTify/rtl/bram.vhd Line: 116
Info (12021): Found 1 design units, including 1 entities, in source file /mnt/Teradisk/SOMHIC/ColecoAdam_DeMiSTify/rtl/rom.v
    Info (12023): Found entity 1: rom File: /mnt/Teradisk/SOMHIC/ColecoAdam_DeMiSTify/rtl/rom.v Line: 4
Info (12021): Found 1 design units, including 1 entities, in source file /mnt/Teradisk/SOMHIC/ColecoAdam_DeMiSTify/rtl/spram.sv
    Info (12023): Found entity 1: spramv File: /mnt/Teradisk/SOMHIC/ColecoAdam_DeMiSTify/rtl/spram.sv Line: 3
Info (12021): Found 1 design units, including 1 entities, in source file /mnt/Teradisk/SOMHIC/ColecoAdam_DeMiSTify/rtl/dpramv.sv
    Info (12023): Found entity 1: dpramv File: /mnt/Teradisk/SOMHIC/ColecoAdam_DeMiSTify/rtl/dpramv.sv Line: 3
Info (12021): Found 1 design units, including 1 entities, in source file /mnt/Teradisk/SOMHIC/ColecoAdam_DeMiSTify/rtl/sn76489/sn76489_clock_div.sv
    Info (12023): Found entity 1: sn76489_clock_div File: /mnt/Teradisk/SOMHIC/ColecoAdam_DeMiSTify/rtl/sn76489/sn76489_clock_div.sv Line: 49
Info (12021): Found 1 design units, including 1 entities, in source file /mnt/Teradisk/SOMHIC/ColecoAdam_DeMiSTify/rtl/sn76489/sn76489_latch_ctrl.sv
    Info (12023): Found entity 1: sn76489_latch_ctrl File: /mnt/Teradisk/SOMHIC/ColecoAdam_DeMiSTify/rtl/sn76489/sn76489_latch_ctrl.sv Line: 49
Info (12021): Found 1 design units, including 1 entities, in source file /mnt/Teradisk/SOMHIC/ColecoAdam_DeMiSTify/rtl/sn76489/sn76489_noise.sv
    Info (12023): Found entity 1: sn76489_noise File: /mnt/Teradisk/SOMHIC/ColecoAdam_DeMiSTify/rtl/sn76489/sn76489_noise.sv Line: 49
Info (12021): Found 1 design units, including 1 entities, in source file /mnt/Teradisk/SOMHIC/ColecoAdam_DeMiSTify/rtl/sn76489/sn76489_tone.sv
    Info (12023): Found entity 1: sn76489_tone File: /mnt/Teradisk/SOMHIC/ColecoAdam_DeMiSTify/rtl/sn76489/sn76489_tone.sv Line: 49
Info (12021): Found 1 design units, including 1 entities, in source file /mnt/Teradisk/SOMHIC/ColecoAdam_DeMiSTify/rtl/sn76489/sn76489_attenuator.sv
    Info (12023): Found entity 1: sn76489_attenuator File: /mnt/Teradisk/SOMHIC/ColecoAdam_DeMiSTify/rtl/sn76489/sn76489_attenuator.sv Line: 49
Info (12021): Found 1 design units, including 1 entities, in source file /mnt/Teradisk/SOMHIC/ColecoAdam_DeMiSTify/rtl/sn76489/sn76489_top.sv
    Info (12023): Found entity 1: sn76489_top File: /mnt/Teradisk/SOMHIC/ColecoAdam_DeMiSTify/rtl/sn76489/sn76489_top.sv Line: 60
Info (12021): Found 1 design units, including 0 entities, in source file /mnt/Teradisk/SOMHIC/ColecoAdam_DeMiSTify/rtl/vdp18v/vdp18_pkg.sv
    Info (12022): Found design unit 1: vdp18_pkg (SystemVerilog) File: /mnt/Teradisk/SOMHIC/ColecoAdam_DeMiSTify/rtl/vdp18v/vdp18_pkg.sv Line: 3
Info (12021): Found 1 design units, including 1 entities, in source file /mnt/Teradisk/SOMHIC/ColecoAdam_DeMiSTify/rtl/vdp18v/vdp18_pattern.sv
    Info (12023): Found entity 1: vdp18_pattern File: /mnt/Teradisk/SOMHIC/ColecoAdam_DeMiSTify/rtl/vdp18v/vdp18_pattern.sv Line: 51
Info (12021): Found 1 design units, including 1 entities, in source file /mnt/Teradisk/SOMHIC/ColecoAdam_DeMiSTify/rtl/vdp18v/vdp18_sprite.sv
    Info (12023): Found entity 1: vdp18_sprite File: /mnt/Teradisk/SOMHIC/ColecoAdam_DeMiSTify/rtl/vdp18v/vdp18_sprite.sv Line: 49
Info (12021): Found 1 design units, including 1 entities, in source file /mnt/Teradisk/SOMHIC/ColecoAdam_DeMiSTify/rtl/vdp18v/vdp18_clk_gen.sv
    Info (12023): Found entity 1: vdp18_clk_gen File: /mnt/Teradisk/SOMHIC/ColecoAdam_DeMiSTify/rtl/vdp18v/vdp18_clk_gen.sv Line: 49
Info (12021): Found 1 design units, including 1 entities, in source file /mnt/Teradisk/SOMHIC/ColecoAdam_DeMiSTify/rtl/vdp18v/vdp18_col_mux.sv
    Info (12023): Found entity 1: vdp18_col_mux File: /mnt/Teradisk/SOMHIC/ColecoAdam_DeMiSTify/rtl/vdp18v/vdp18_col_mux.sv Line: 49
Info (12021): Found 1 design units, including 1 entities, in source file /mnt/Teradisk/SOMHIC/ColecoAdam_DeMiSTify/rtl/vdp18v/vdp18_cpuio.sv
    Info (12023): Found entity 1: vdp18_cpuio File: /mnt/Teradisk/SOMHIC/ColecoAdam_DeMiSTify/rtl/vdp18v/vdp18_cpuio.sv Line: 51
Info (12021): Found 1 design units, including 1 entities, in source file /mnt/Teradisk/SOMHIC/ColecoAdam_DeMiSTify/rtl/vdp18v/vdp18_ctrl.sv
    Info (12023): Found entity 1: vdp18_ctrl File: /mnt/Teradisk/SOMHIC/ColecoAdam_DeMiSTify/rtl/vdp18v/vdp18_ctrl.sv Line: 51
Info (12021): Found 1 design units, including 1 entities, in source file /mnt/Teradisk/SOMHIC/ColecoAdam_DeMiSTify/rtl/vdp18v/vdp18_hor_vert.sv
    Info (12023): Found entity 1: vdp18_hor_vert File: /mnt/Teradisk/SOMHIC/ColecoAdam_DeMiSTify/rtl/vdp18v/vdp18_hor_vert.sv Line: 51
Info (12021): Found 1 design units, including 1 entities, in source file /mnt/Teradisk/SOMHIC/ColecoAdam_DeMiSTify/rtl/vdp18v/vdp18_addr_mux.sv
    Info (12023): Found entity 1: vdp18_addr_mux File: /mnt/Teradisk/SOMHIC/ColecoAdam_DeMiSTify/rtl/vdp18v/vdp18_addr_mux.sv Line: 51
Info (12021): Found 1 design units, including 1 entities, in source file /mnt/Teradisk/SOMHIC/ColecoAdam_DeMiSTify/rtl/vdp18v/vdp18_core.sv
    Info (12023): Found entity 1: vdp18_core File: /mnt/Teradisk/SOMHIC/ColecoAdam_DeMiSTify/rtl/vdp18v/vdp18_core.sv Line: 77
Info (12021): Found 1 design units, including 1 entities, in source file /mnt/Teradisk/SOMHIC/ColecoAdam_DeMiSTify/rtl/cv_addr_dec.sv
    Info (12023): Found entity 1: cv_addr_dec File: /mnt/Teradisk/SOMHIC/ColecoAdam_DeMiSTify/rtl/cv_addr_dec.sv Line: 49
Info (12021): Found 1 design units, including 1 entities, in source file /mnt/Teradisk/SOMHIC/ColecoAdam_DeMiSTify/rtl/cv_ctrl.sv
    Info (12023): Found entity 1: cv_ctrl File: /mnt/Teradisk/SOMHIC/ColecoAdam_DeMiSTify/rtl/cv_ctrl.sv Line: 49
Info (12021): Found 1 design units, including 1 entities, in source file /mnt/Teradisk/SOMHIC/ColecoAdam_DeMiSTify/rtl/cv_clock.sv
    Info (12023): Found entity 1: cv_clock File: /mnt/Teradisk/SOMHIC/ColecoAdam_DeMiSTify/rtl/cv_clock.sv Line: 49
Info (12021): Found 1 design units, including 1 entities, in source file /mnt/Teradisk/SOMHIC/ColecoAdam_DeMiSTify/rtl/cv_por.sv
    Info (12023): Found entity 1: cv_por File: /mnt/Teradisk/SOMHIC/ColecoAdam_DeMiSTify/rtl/cv_por.sv Line: 53
Info (12021): Found 1 design units, including 1 entities, in source file /mnt/Teradisk/SOMHIC/ColecoAdam_DeMiSTify/rtl/cv_console.sv
    Info (12023): Found entity 1: cv_console File: /mnt/Teradisk/SOMHIC/ColecoAdam_DeMiSTify/rtl/cv_console.sv Line: 60
Info (12021): Found 1 design units, including 1 entities, in source file /mnt/Teradisk/SOMHIC/ColecoAdam_DeMiSTify/rtl/cv_adamnet.sv
    Info (12023): Found entity 1: cv_adamnet File: /mnt/Teradisk/SOMHIC/ColecoAdam_DeMiSTify/rtl/cv_adamnet.sv Line: 66
Info (12021): Found 1 design units, including 1 entities, in source file /mnt/Teradisk/SOMHIC/ColecoAdam_DeMiSTify/rtl/track_loader_adam.sv
    Info (12023): Found entity 1: track_loader_adam File: /mnt/Teradisk/SOMHIC/ColecoAdam_DeMiSTify/rtl/track_loader_adam.sv Line: 1
Info (12021): Found 1 design units, including 1 entities, in source file /mnt/Teradisk/SOMHIC/ColecoAdam_DeMiSTify/ColecoAdam.sv
    Info (12023): Found entity 1: guest_mist File: /mnt/Teradisk/SOMHIC/ColecoAdam_DeMiSTify/ColecoAdam.sv Line: 22
Info (12021): Found 1 design units, including 1 entities, in source file /mnt/Teradisk/SOMHIC/ColecoAdam_DeMiSTify/sys/video_mixer.sv
    Info (12023): Found entity 1: video_mixer File: /mnt/Teradisk/SOMHIC/ColecoAdam_DeMiSTify/sys/video_mixer.sv Line: 21
Info (12021): Found 7 design units, including 7 entities, in source file /mnt/Teradisk/SOMHIC/ColecoAdam_DeMiSTify/sys/hq2x.sv
    Info (12023): Found entity 1: hq2x_in File: /mnt/Teradisk/SOMHIC/ColecoAdam_DeMiSTify/sys/hq2x.sv Line: 27
    Info (12023): Found entity 2: hq2x_out File: /mnt/Teradisk/SOMHIC/ColecoAdam_DeMiSTify/sys/hq2x.sv Line: 50
    Info (12023): Found entity 3: hq2x_buf File: /mnt/Teradisk/SOMHIC/ColecoAdam_DeMiSTify/sys/hq2x.sv Line: 75
    Info (12023): Found entity 4: DiffCheck File: /mnt/Teradisk/SOMHIC/ColecoAdam_DeMiSTify/sys/hq2x.sv Line: 134
    Info (12023): Found entity 5: InnerBlend File: /mnt/Teradisk/SOMHIC/ColecoAdam_DeMiSTify/sys/hq2x.sv Line: 161
    Info (12023): Found entity 6: Blend File: /mnt/Teradisk/SOMHIC/ColecoAdam_DeMiSTify/sys/hq2x.sv Line: 192
    Info (12023): Found entity 7: Hq2x File: /mnt/Teradisk/SOMHIC/ColecoAdam_DeMiSTify/sys/hq2x.sv Line: 272
Info (12021): Found 1 design units, including 1 entities, in source file /mnt/Teradisk/SOMHIC/ColecoAdam_DeMiSTify/sys/scandoubler.v
    Info (12023): Found entity 1: scandoubler File: /mnt/Teradisk/SOMHIC/ColecoAdam_DeMiSTify/sys/scandoubler.v Line: 22
Info (12021): Found 1 design units, including 1 entities, in source file /mnt/Teradisk/SOMHIC/ColecoAdam_DeMiSTify/sys/user_io.sv
    Info (12023): Found entity 1: user_io File: /mnt/Teradisk/SOMHIC/ColecoAdam_DeMiSTify/sys/user_io.sv Line: 25
Info (12021): Found 1 design units, including 1 entities, in source file /mnt/Teradisk/SOMHIC/ColecoAdam_DeMiSTify/sys/data_io.v
    Info (12023): Found entity 1: data_io File: /mnt/Teradisk/SOMHIC/ColecoAdam_DeMiSTify/sys/data_io.v Line: 24
Info (12021): Found 1 design units, including 1 entities, in source file /mnt/Teradisk/SOMHIC/ColecoAdam_DeMiSTify/sys/osd.v
    Info (12023): Found entity 1: osd File: /mnt/Teradisk/SOMHIC/ColecoAdam_DeMiSTify/sys/osd.v Line: 4
Info (12021): Found 2 design units, including 1 entities, in source file /mnt/Teradisk/SOMHIC/ColecoAdam_DeMiSTify/sys/dac.vhd
    Info (12022): Found design unit 1: dac-rtl File: /mnt/Teradisk/SOMHIC/ColecoAdam_DeMiSTify/sys/dac.vhd Line: 33
    Info (12023): Found entity 1: dac File: /mnt/Teradisk/SOMHIC/ColecoAdam_DeMiSTify/sys/dac.vhd Line: 21
Info (12021): Found 2 design units, including 2 entities, in source file /mnt/Teradisk/SOMHIC/ColecoAdam_DeMiSTify/sys/sd_card.sv
    Info (12023): Found entity 1: sd_card File: /mnt/Teradisk/SOMHIC/ColecoAdam_DeMiSTify/sys/sd_card.sv Line: 28
    Info (12023): Found entity 2: sdbuf File: /mnt/Teradisk/SOMHIC/ColecoAdam_DeMiSTify/sys/sd_card.sv Line: 482
Info (12021): Found 1 design units, including 1 entities, in source file /mnt/Teradisk/SOMHIC/ColecoAdam_DeMiSTify/sys/sram.sv
    Info (12023): Found entity 1: sram File: /mnt/Teradisk/SOMHIC/ColecoAdam_DeMiSTify/sys/sram.sv Line: 29
Info (12021): Found 2 design units, including 1 entities, in source file /mnt/Teradisk/SOMHIC/ColecoAdam_DeMiSTify/DeMiSTify/controller/substitute_mcu.vhd
    Info (12022): Found design unit 1: substitute_mcu-rtl File: /mnt/Teradisk/SOMHIC/ColecoAdam_DeMiSTify/DeMiSTify/controller/substitute_mcu.vhd Line: 84
    Info (12023): Found entity 1: substitute_mcu File: /mnt/Teradisk/SOMHIC/ColecoAdam_DeMiSTify/DeMiSTify/controller/substitute_mcu.vhd Line: 24
Info (12021): Found 1 design units, including 0 entities, in source file /mnt/Teradisk/SOMHIC/ColecoAdam_DeMiSTify/DeMiSTify/EightThirtyTwo/RTL/eightthirtytwo_pkg.vhd
    Info (12022): Found design unit 1: eightthirtytwo_pkg File: /mnt/Teradisk/SOMHIC/ColecoAdam_DeMiSTify/DeMiSTify/EightThirtyTwo/RTL/eightthirtytwo_pkg.vhd Line: 22
Info (12021): Found 2 design units, including 1 entities, in source file /mnt/Teradisk/SOMHIC/ColecoAdam_DeMiSTify/DeMiSTify/EightThirtyTwo/RTL/eightthirtytwo_alu.vhd
    Info (12022): Found design unit 1: eightthirtytwo_alu-rtl File: /mnt/Teradisk/SOMHIC/ColecoAdam_DeMiSTify/DeMiSTify/EightThirtyTwo/RTL/eightthirtytwo_alu.vhd Line: 50
    Info (12023): Found entity 1: eightthirtytwo_alu File: /mnt/Teradisk/SOMHIC/ColecoAdam_DeMiSTify/DeMiSTify/EightThirtyTwo/RTL/eightthirtytwo_alu.vhd Line: 27
Info (12021): Found 2 design units, including 1 entities, in source file /mnt/Teradisk/SOMHIC/ColecoAdam_DeMiSTify/DeMiSTify/EightThirtyTwo/RTL/eightthirtytwo_shifter.vhd
    Info (12022): Found design unit 1: eightthirtytwo_shifter-rtl File: /mnt/Teradisk/SOMHIC/ColecoAdam_DeMiSTify/DeMiSTify/EightThirtyTwo/RTL/eightthirtytwo_shifter.vhd Line: 45
    Info (12023): Found entity 1: eightthirtytwo_shifter File: /mnt/Teradisk/SOMHIC/ColecoAdam_DeMiSTify/DeMiSTify/EightThirtyTwo/RTL/eightthirtytwo_shifter.vhd Line: 27
Info (12021): Found 2 design units, including 1 entities, in source file /mnt/Teradisk/SOMHIC/ColecoAdam_DeMiSTify/DeMiSTify/EightThirtyTwo/RTL/eightthirtytwo_aligner.vhd
    Info (12022): Found design unit 1: eightthirtytwo_aligner-rtl File: /mnt/Teradisk/SOMHIC/ColecoAdam_DeMiSTify/DeMiSTify/EightThirtyTwo/RTL/eightthirtytwo_aligner.vhd Line: 36
    Info (12023): Found entity 1: eightthirtytwo_aligner File: /mnt/Teradisk/SOMHIC/ColecoAdam_DeMiSTify/DeMiSTify/EightThirtyTwo/RTL/eightthirtytwo_aligner.vhd Line: 23
Info (12021): Found 2 design units, including 1 entities, in source file /mnt/Teradisk/SOMHIC/ColecoAdam_DeMiSTify/DeMiSTify/EightThirtyTwo/RTL/eightthirtytwo_aligner_le.vhd
    Info (12022): Found design unit 1: eightthirtytwo_aligner_le-rtl File: /mnt/Teradisk/SOMHIC/ColecoAdam_DeMiSTify/DeMiSTify/EightThirtyTwo/RTL/eightthirtytwo_aligner_le.vhd Line: 38
    Info (12023): Found entity 1: eightthirtytwo_aligner_le File: /mnt/Teradisk/SOMHIC/ColecoAdam_DeMiSTify/DeMiSTify/EightThirtyTwo/RTL/eightthirtytwo_aligner_le.vhd Line: 25
Info (12021): Found 2 design units, including 1 entities, in source file /mnt/Teradisk/SOMHIC/ColecoAdam_DeMiSTify/DeMiSTify/EightThirtyTwo/RTL/eightthirtytwo_decode.vhd
    Info (12022): Found design unit 1: eightthirtytwo_decode-behavoural File: /mnt/Teradisk/SOMHIC/ColecoAdam_DeMiSTify/DeMiSTify/EightThirtyTwo/RTL/eightthirtytwo_decode.vhd Line: 38
    Info (12023): Found entity 1: eightthirtytwo_decode File: /mnt/Teradisk/SOMHIC/ColecoAdam_DeMiSTify/DeMiSTify/EightThirtyTwo/RTL/eightthirtytwo_decode.vhd Line: 26
Info (12021): Found 2 design units, including 1 entities, in source file /mnt/Teradisk/SOMHIC/ColecoAdam_DeMiSTify/DeMiSTify/EightThirtyTwo/RTL/eightthirtytwo_fetchloadstore.vhd
    Info (12022): Found design unit 1: eightthirtytwo_fetchloadstore-behavioural File: /mnt/Teradisk/SOMHIC/ColecoAdam_DeMiSTify/DeMiSTify/EightThirtyTwo/RTL/eightthirtytwo_fetchloadstore.vhd Line: 79
    Info (12023): Found entity 1: eightthirtytwo_fetchloadstore File: /mnt/Teradisk/SOMHIC/ColecoAdam_DeMiSTify/DeMiSTify/EightThirtyTwo/RTL/eightthirtytwo_fetchloadstore.vhd Line: 28
Info (12021): Found 2 design units, including 1 entities, in source file /mnt/Teradisk/SOMHIC/ColecoAdam_DeMiSTify/DeMiSTify/EightThirtyTwo/RTL/eightthirtytwo_hazard.vhd
    Info (12022): Found design unit 1: eightthirtytwo_hazard-rtl File: /mnt/Teradisk/SOMHIC/ColecoAdam_DeMiSTify/DeMiSTify/EightThirtyTwo/RTL/eightthirtytwo_hazard.vhd Line: 60
    Info (12023): Found entity 1: eightthirtytwo_hazard File: /mnt/Teradisk/SOMHIC/ColecoAdam_DeMiSTify/DeMiSTify/EightThirtyTwo/RTL/eightthirtytwo_hazard.vhd Line: 26
Info (12021): Found 2 design units, including 1 entities, in source file /mnt/Teradisk/SOMHIC/ColecoAdam_DeMiSTify/DeMiSTify/EightThirtyTwo/RTL/eightthirtytwo_debug.vhd
    Info (12022): Found design unit 1: eightthirtytwo_debug-rtl File: /mnt/Teradisk/SOMHIC/ColecoAdam_DeMiSTify/DeMiSTify/EightThirtyTwo/RTL/eightthirtytwo_debug.vhd Line: 53
    Info (12023): Found entity 1: eightthirtytwo_debug File: /mnt/Teradisk/SOMHIC/ColecoAdam_DeMiSTify/DeMiSTify/EightThirtyTwo/RTL/eightthirtytwo_debug.vhd Line: 26
Info (12021): Found 2 design units, including 1 entities, in source file /mnt/Teradisk/SOMHIC/ColecoAdam_DeMiSTify/DeMiSTify/EightThirtyTwo/RTL/eightthirtytwo_cpu.vhd
    Info (12022): Found design unit 1: eightthirtytwo_cpu-behavoural File: /mnt/Teradisk/SOMHIC/ColecoAdam_DeMiSTify/DeMiSTify/EightThirtyTwo/RTL/eightthirtytwo_cpu.vhd Line: 59
    Info (12023): Found entity 1: eightthirtytwo_cpu File: /mnt/Teradisk/SOMHIC/ColecoAdam_DeMiSTify/DeMiSTify/EightThirtyTwo/RTL/eightthirtytwo_cpu.vhd Line: 27
Info (12021): Found 2 design units, including 1 entities, in source file /mnt/Teradisk/SOMHIC/ColecoAdam_DeMiSTify/DeMiSTify/EightThirtyTwo/RTL/altera/debug_bridge_jtag.vhd
    Info (12022): Found design unit 1: debug_bridge_jtag-rtl File: /mnt/Teradisk/SOMHIC/ColecoAdam_DeMiSTify/DeMiSTify/EightThirtyTwo/RTL/altera/debug_bridge_jtag.vhd Line: 39
    Info (12023): Found entity 1: debug_bridge_jtag File: /mnt/Teradisk/SOMHIC/ColecoAdam_DeMiSTify/DeMiSTify/EightThirtyTwo/RTL/altera/debug_bridge_jtag.vhd Line: 24
Info (12021): Found 2 design units, including 1 entities, in source file /mnt/Teradisk/SOMHIC/ColecoAdam_DeMiSTify/DeMiSTify/EightThirtyTwo/RTL/altera/debug_virtualjtag.vhd
    Info (12022): Found design unit 1: debug_virtualjtag-SYN File: /mnt/Teradisk/SOMHIC/ColecoAdam_DeMiSTify/DeMiSTify/EightThirtyTwo/RTL/altera/debug_virtualjtag.vhd Line: 62
    Info (12023): Found entity 1: debug_virtualjtag File: /mnt/Teradisk/SOMHIC/ColecoAdam_DeMiSTify/DeMiSTify/EightThirtyTwo/RTL/altera/debug_virtualjtag.vhd Line: 42
Info (12021): Found 2 design units, including 1 entities, in source file /mnt/Teradisk/SOMHIC/ColecoAdam_DeMiSTify/DeMiSTify/EightThirtyTwo/RTL/debug_fifo.vhd
    Info (12022): Found design unit 1: debug_fifo-rtl File: /mnt/Teradisk/SOMHIC/ColecoAdam_DeMiSTify/DeMiSTify/EightThirtyTwo/RTL/debug_fifo.vhd Line: 28
    Info (12023): Found entity 1: debug_fifo File: /mnt/Teradisk/SOMHIC/ColecoAdam_DeMiSTify/DeMiSTify/EightThirtyTwo/RTL/debug_fifo.vhd Line: 8
Info (12021): Found 2 design units, including 1 entities, in source file /mnt/Teradisk/SOMHIC/ColecoAdam_DeMiSTify/DeMiSTify/firmware/controller_rom.vhd
    Info (12022): Found design unit 1: controller_rom-arch File: /mnt/Teradisk/SOMHIC/ColecoAdam_DeMiSTify/DeMiSTify/firmware/controller_rom.vhd Line: 23
    Info (12023): Found entity 1: controller_rom File: /mnt/Teradisk/SOMHIC/ColecoAdam_DeMiSTify/DeMiSTify/firmware/controller_rom.vhd Line: 11
Info (12021): Found 2 design units, including 1 entities, in source file /mnt/Teradisk/SOMHIC/ColecoAdam_DeMiSTify/DeMiSTify/controller/simple_uart.vhd
    Info (12022): Found design unit 1: simple_uart-rtl File: /mnt/Teradisk/SOMHIC/ColecoAdam_DeMiSTify/DeMiSTify/controller/simple_uart.vhd Line: 37
    Info (12023): Found entity 1: simple_uart File: /mnt/Teradisk/SOMHIC/ColecoAdam_DeMiSTify/DeMiSTify/controller/simple_uart.vhd Line: 8
Info (12021): Found 2 design units, including 1 entities, in source file /mnt/Teradisk/SOMHIC/ColecoAdam_DeMiSTify/DeMiSTify/controller/jtag_uart.vhd
    Info (12022): Found design unit 1: jtag_uart-rtl File: /mnt/Teradisk/SOMHIC/ColecoAdam_DeMiSTify/DeMiSTify/controller/jtag_uart.vhd Line: 35
    Info (12023): Found entity 1: jtag_uart File: /mnt/Teradisk/SOMHIC/ColecoAdam_DeMiSTify/DeMiSTify/controller/jtag_uart.vhd Line: 9
Info (12021): Found 2 design units, including 1 entities, in source file /mnt/Teradisk/SOMHIC/ColecoAdam_DeMiSTify/DeMiSTify/controller/io_ps2_com.vhd
    Info (12022): Found design unit 1: io_ps2_com-rtl File: /mnt/Teradisk/SOMHIC/ColecoAdam_DeMiSTify/DeMiSTify/controller/io_ps2_com.vhd Line: 80
    Info (12023): Found entity 1: io_ps2_com File: /mnt/Teradisk/SOMHIC/ColecoAdam_DeMiSTify/DeMiSTify/controller/io_ps2_com.vhd Line: 54
Info (12021): Found 2 design units, including 1 entities, in source file /mnt/Teradisk/SOMHIC/ColecoAdam_DeMiSTify/DeMiSTify/controller/interrupt_controller.vhd
    Info (12022): Found design unit 1: interrupt_controller-rtl File: /mnt/Teradisk/SOMHIC/ColecoAdam_DeMiSTify/DeMiSTify/controller/interrupt_controller.vhd Line: 35
    Info (12023): Found entity 1: interrupt_controller File: /mnt/Teradisk/SOMHIC/ColecoAdam_DeMiSTify/DeMiSTify/controller/interrupt_controller.vhd Line: 21
Info (12021): Found 2 design units, including 1 entities, in source file /mnt/Teradisk/SOMHIC/ColecoAdam_DeMiSTify/DeMiSTify/controller/timer_controller.vhd
    Info (12022): Found design unit 1: timer_controller-rtl File: /mnt/Teradisk/SOMHIC/ColecoAdam_DeMiSTify/DeMiSTify/controller/timer_controller.vhd Line: 43
    Info (12023): Found entity 1: timer_controller File: /mnt/Teradisk/SOMHIC/ColecoAdam_DeMiSTify/DeMiSTify/controller/timer_controller.vhd Line: 25
Info (12021): Found 2 design units, including 1 entities, in source file /mnt/Teradisk/SOMHIC/ColecoAdam_DeMiSTify/DeMiSTify/controller/spi_controller.vhd
    Info (12022): Found design unit 1: spi_controller-rtl File: /mnt/Teradisk/SOMHIC/ColecoAdam_DeMiSTify/DeMiSTify/controller/spi_controller.vhd Line: 43
    Info (12023): Found entity 1: spi_controller File: /mnt/Teradisk/SOMHIC/ColecoAdam_DeMiSTify/DeMiSTify/controller/spi_controller.vhd Line: 23
Info (12021): Found 1 design units, including 0 entities, in source file /mnt/Teradisk/SOMHIC/ColecoAdam_DeMiSTify/demistify_config_pkg.vhd
    Info (12022): Found design unit 1: demistify_config_pkg File: /mnt/Teradisk/SOMHIC/ColecoAdam_DeMiSTify/demistify_config_pkg.vhd Line: 9
Info (12021): Found 2 design units, including 1 entities, in source file /mnt/Teradisk/SOMHIC/ColecoAdam_DeMiSTify/firmware/controller_rom1_byte.vhd
    Info (12022): Found design unit 1: controller_rom1-rtl File: /mnt/Teradisk/SOMHIC/ColecoAdam_DeMiSTify/firmware/controller_rom1_byte.vhd Line: 23
    Info (12023): Found entity 1: controller_rom1 File: /mnt/Teradisk/SOMHIC/ColecoAdam_DeMiSTify/firmware/controller_rom1_byte.vhd Line: 6
Info (12021): Found 2 design units, including 1 entities, in source file /mnt/Teradisk/SOMHIC/ColecoAdam_DeMiSTify/firmware/controller_rom2_byte.vhd
    Info (12022): Found design unit 1: controller_rom2-rtl File: /mnt/Teradisk/SOMHIC/ColecoAdam_DeMiSTify/firmware/controller_rom2_byte.vhd Line: 23
    Info (12023): Found entity 1: controller_rom2 File: /mnt/Teradisk/SOMHIC/ColecoAdam_DeMiSTify/firmware/controller_rom2_byte.vhd Line: 6
Warning (10222): Verilog HDL Parameter Declaration warning at ColecoAdam.sv(87): Parameter Declaration in module "guest_mist" behaves as a Local Parameter Declaration because the module has a Module Parameter Port List File: /mnt/Teradisk/SOMHIC/ColecoAdam_DeMiSTify/ColecoAdam.sv Line: 87
Warning (12125): Using design file poseidon_top.sv, which is not specified as a design file for the current project, but contains definitions for 1 design units and 1 entities in project
    Info (12023): Found entity 1: poseidon_top File: /mnt/Teradisk/SOMHIC/ColecoAdam_DeMiSTify/poseidon-ep4cgx150/poseidon_top.sv Line: 2
Error (10932): SystemVerilog error at poseidon_top.sv(104): can't resolve implicit port connection(s) to instance "guest" without a module declaration or an extern equivalent File: /mnt/Teradisk/SOMHIC/ColecoAdam_DeMiSTify/poseidon-ep4cgx150/poseidon_top.sv Line: 104
Info (144001): Generated suppressed messages file /mnt/Teradisk/SOMHIC/ColecoAdam_DeMiSTify/poseidon-ep4cgx150/output_files/ColecoAdam_poseidon-ep4cgx150.map.smsg
Error: Quartus Prime Analysis & Synthesis was unsuccessful. 1 error, 7 warnings
    Error: Peak virtual memory: 1016 megabytes
    Error: Processing ended: Thu Feb  1 19:58:45 2024
    Error: Elapsed time: 00:00:11
    Error: Total CPU time (on all processors): 00:00:24
Error (293001): Quartus Prime Full Compilation was unsuccessful. 3 errors, 7 warnings
Error (23031): Evaluation of Tcl script ..//DeMiSTify/Scripts/compile.tcl unsuccessful
Error: Quartus Prime Shell was unsuccessful. 8 errors, 8 warnings
    Error: Peak virtual memory: 773 megabytes
    Error: Processing ended: Thu Feb  1 19:58:45 2024
    Error: Elapsed time: 00:00:13
    Error: Total CPU time (on all processors): 00:00:25
